# JRE version: Java(TM) SE Runtime Environment (8.0_20-b26) (build 1.8.0_20-b26)
# Java VM: Java HotSpot(TM) 64-Bit Server VM (25.20-b23 mixed mode windows-amd64 compressed oops)
Heap:
 PSYoungGen      total 305152K, used 68699K [0x00000000eab00000, 0x00000000ffd00000, 0x0000000100000000)
  eden space 267264K, 23% used [0x00000000eab00000,0x00000000ee7cd1b8,0x00000000fb000000)
  from space 37888K, 16% used [0x00000000fd800000,0x00000000fde49b08,0x00000000ffd00000)
  to   space 39424K, 0% used [0x00000000fb000000,0x00000000fb000000,0x00000000fd680000)
 ParOldGen       total 235008K, used 76685K [0x00000000c0000000, 0x00000000ce580000, 0x00000000eab00000)
  object space 235008K, 32% used [0x00000000c0000000,0x00000000c4ae3790,0x00000000ce580000)
 Metaspace       used 71884K, capacity 74530K, committed 74584K, reserved 1114112K
  class space    used 9238K, capacity 9766K, committed 9816K, reserved 1048576K
GC Heap History (10 events):
Event: 159.918 GC heap before
{Heap before GC invocations=15 (full 3):
 PSYoungGen      total 256512K, used 225530K [0x00000000eab00000, 0x00000000fef00000, 0x0000000100000000)
  eden space 210432K, 100% used [0x00000000eab00000,0x00000000f7880000,0x00000000f7880000)
  from space 46080K, 32% used [0x00000000f7880000,0x00000000f873e9d8,0x00000000fa580000)
  to   space 44032K, 0% used [0x00000000fc400000,0x00000000fc400000,0x00000000fef00000)
 ParOldGen       total 235008K, used 70365K [0x00000000c0000000, 0x00000000ce580000, 0x00000000eab00000)
  object space 235008K, 29% used [0x00000000c0000000,0x00000000c44b75a8,0x00000000ce580000)
 Metaspace       used 66140K, capacity 68250K, committed 68696K, reserved 1110016K
  class space    used 8525K, capacity 8976K, committed 9048K, reserved 1048576K
Event: 159.926 GC heap after
Heap after GC invocations=15 (full 3):
 PSYoungGen      total 282624K, used 7330K [0x00000000eab00000, 0x00000000fec00000, 0x0000000100000000)
  eden space 241664K, 0% used [0x00000000eab00000,0x00000000eab00000,0x00000000f9700000)
  from space 40960K, 17% used [0x00000000fc400000,0x00000000fcb28930,0x00000000fec00000)
  to   space 43520K, 0% used [0x00000000f9700000,0x00000000f9700000,0x00000000fc180000)
 ParOldGen       total 235008K, used 70373K [0x00000000c0000000, 0x00000000ce580000, 0x00000000eab00000)
  object space 235008K, 29% used [0x00000000c0000000,0x00000000c44b95a8,0x00000000ce580000)
 Metaspace       used 66140K, capacity 68250K, committed 68696K, reserved 1110016K
  class space    used 8525K, capacity 8976K, committed 9048K, reserved 1048576K
}
Event: 161.069 GC heap before
{Heap before GC invocations=16 (full 3):
 PSYoungGen      total 282624K, used 248858K [0x00000000eab00000, 0x00000000fec00000, 0x0000000100000000)
  eden space 241664K, 99% used [0x00000000eab00000,0x00000000f96de0f0,0x00000000f9700000)
  from space 40960K, 17% used [0x00000000fc400000,0x00000000fcb28930,0x00000000fec00000)
  to   space 43520K, 0% used [0x00000000f9700000,0x00000000f9700000,0x00000000fc180000)
 ParOldGen       total 235008K, used 70373K [0x00000000c0000000, 0x00000000ce580000, 0x00000000eab00000)
  object space 235008K, 29% used [0x00000000c0000000,0x00000000c44b95a8,0x00000000ce580000)
 Metaspace       used 67727K, capacity 69966K, committed 70232K, reserved 1110016K
  class space    used 8752K, capacity 9212K, committed 9304K, reserved 1048576K
Event: 161.078 GC heap after
Heap after GC invocations=16 (full 3):
 PSYoungGen      total 285184K, used 11956K [0x00000000eab00000, 0x00000000fff80000, 0x0000000100000000)
  eden space 241664K, 0% used [0x00000000eab00000,0x00000000eab00000,0x00000000f9700000)
  from space 43520K, 27% used [0x00000000f9700000,0x00000000fa2ad3b8,0x00000000fc180000)
  to   space 41984K, 0% used [0x00000000fd680000,0x00000000fd680000,0x00000000fff80000)
 ParOldGen       total 235008K, used 70381K [0x00000000c0000000, 0x00000000ce580000, 0x00000000eab00000)
  object space 235008K, 29% used [0x00000000c0000000,0x00000000c44bb5a8,0x00000000ce580000)
 Metaspace       used 67727K, capacity 69966K, committed 70232K, reserved 1110016K
  class space    used 8752K, capacity 9212K, committed 9304K, reserved 1048576K
}
Event: 161.116 GC heap before
{Heap before GC invocations=17 (full 3):
 PSYoungGen      total 285184K, used 252616K [0x00000000eab00000, 0x00000000fff80000, 0x0000000100000000)
  eden space 241664K, 99% used [0x00000000eab00000,0x00000000f9604d10,0x00000000f9700000)
  from space 43520K, 27% used [0x00000000f9700000,0x00000000fa2ad3b8,0x00000000fc180000)
  to   space 41984K, 0% used [0x00000000fd680000,0x00000000fd680000,0x00000000fff80000)
 ParOldGen       total 235008K, used 70381K [0x00000000c0000000, 0x00000000ce580000, 0x00000000eab00000)
  object space 235008K, 29% used [0x00000000c0000000,0x00000000c44bb5a8,0x00000000ce580000)
 Metaspace       used 67736K, capacity 69966K, committed 70232K, reserved 1110016K
  class space    used 8752K, capacity 9212K, committed 9304K, reserved 1048576K
Event: 161.123 GC heap after
Heap after GC invocations=17 (full 3):
 PSYoungGen      total 303616K, used 7991K [0x00000000eab00000, 0x00000000ffd80000, 0x0000000100000000)
  eden space 263680K, 0% used [0x00000000eab00000,0x00000000eab00000,0x00000000fac80000)
  from space 39936K, 20% used [0x00000000fd680000,0x00000000fde4dcc0,0x00000000ffd80000)
  to   space 41472K, 0% used [0x00000000fac80000,0x00000000fac80000,0x00000000fd500000)
 ParOldGen       total 235008K, used 70389K [0x00000000c0000000, 0x00000000ce580000, 0x00000000eab00000)
  object space 235008K, 29% used [0x00000000c0000000,0x00000000c44bd5a8,0x00000000ce580000)
 Metaspace       used 67736K, capacity 69966K, committed 70232K, reserved 1110016K
  class space    used 8752K, capacity 9212K, committed 9304K, reserved 1048576K
}
Event: 5032.057 GC heap before
{Heap before GC invocations=18 (full 3):
 PSYoungGen      total 303616K, used 271671K [0x00000000eab00000, 0x00000000ffd80000, 0x0000000100000000)
  eden space 263680K, 100% used [0x00000000eab00000,0x00000000fac80000,0x00000000fac80000)
  from space 39936K, 20% used [0x00000000fd680000,0x00000000fde4dcc0,0x00000000ffd80000)
  to   space 41472K, 0% used [0x00000000fac80000,0x00000000fac80000,0x00000000fd500000)
 ParOldGen       total 235008K, used 70389K [0x00000000c0000000, 0x00000000ce580000, 0x00000000eab00000)
  object space 235008K, 29% used [0x00000000c0000000,0x00000000c44bd5a8,0x00000000ce580000)
 Metaspace       used 68082K, capacity 70330K, committed 70488K, reserved 1110016K
  class space    used 8778K, capacity 9224K, committed 9304K, reserved 1048576K
Event: 5032.065 GC heap after
Heap after GC invocations=18 (full 3):
 PSYoungGen      total 305152K, used 6962K [0x00000000eab00000, 0x00000000fff80000, 0x0000000100000000)
  eden space 263680K, 0% used [0x00000000eab00000,0x00000000eab00000,0x00000000fac80000)
  from space 41472K, 16% used [0x00000000fac80000,0x00000000fb34cae8,0x00000000fd500000)
  to   space 40448K, 0% used [0x00000000fd800000,0x00000000fd800000,0x00000000fff80000)
 ParOldGen       total 235008K, used 70397K [0x00000000c0000000, 0x00000000ce580000, 0x00000000eab00000)
  object space 235008K, 29% used [0x00000000c0000000,0x00000000c44bf5a8,0x00000000ce580000)
 Metaspace       used 68082K, capacity 70330K, committed 70488K, reserved 1110016K
  class space    used 8778K, capacity 9224K, committed 9304K, reserved 1048576K
}
Event: 16382.104 GC heap before
{Heap before GC invocations=19 (full 3):
 PSYoungGen      total 305152K, used 270642K [0x00000000eab00000, 0x00000000fff80000, 0x0000000100000000)
  eden space 263680K, 100% used [0x00000000eab00000,0x00000000fac80000,0x00000000fac80000)
  from space 41472K, 16% used [0x00000000fac80000,0x00000000fb34cae8,0x00000000fd500000)
  to   space 40448K, 0% used [0x00000000fd800000,0x00000000fd800000,0x00000000fff80000)
 ParOldGen       total 235008K, used 70397K [0x00000000c0000000, 0x00000000ce580000, 0x00000000eab00000)
  object space 235008K, 29% used [0x00000000c0000000,0x00000000c44bf5a8,0x00000000ce580000)
 Metaspace       used 71676K, capacity 74286K, committed 74584K, reserved 1114112K
  class space    used 9221K, capacity 9736K, committed 9816K, reserved 1048576K
Event: 16382.241 GC heap after
Heap after GC invocations=19 (full 3):
 PSYoungGen      total 305152K, used 6438K [0x00000000eab00000, 0x00000000ffd00000, 0x0000000100000000)
  eden space 267264K, 0% used [0x00000000eab00000,0x00000000eab00000,0x00000000fb000000)
  from space 37888K, 16% used [0x00000000fd800000,0x00000000fde49b08,0x00000000ffd00000)
  to   space 39424K, 0% used [0x00000000fb000000,0x00000000fb000000,0x00000000fd680000)
 ParOldGen       total 235008K, used 76685K [0x00000000c0000000, 0x00000000ce580000, 0x00000000eab00000)
  object space 235008K, 32% used [0x00000000c0000000,0x00000000c4ae3790,0x00000000ce580000)
 Metaspace       used 71676K, capacity 74286K, committed 74584K, reserved 1114112K
  class space    used 9221K, capacity 9736K, committed 9816K, reserved 1048576K
}

