# JRE version: Java(TM) SE Runtime Environment (8.0_20-b26) (build 1.8.0_20-b26)
# Java VM: Java HotSpot(TM) 64-Bit Server VM (25.20-b23 mixed mode windows-amd64 compressed oops)
Heap:
 PSYoungGen      total 102400K, used 57062K [0x00000000eab00000, 0x00000000f2280000, 0x0000000100000000)
  eden space 90112K, 63% used [0x00000000eab00000,0x00000000ee2b9a30,0x00000000f0300000)
  from space 12288K, 0% used [0x00000000f0f80000,0x00000000f0f80000,0x00000000f1b80000)
  to   space 12800K, 0% used [0x00000000f0300000,0x00000000f0300000,0x00000000f0f80000)
 ParOldGen       total 114688K, used 16365K [0x00000000c0000000, 0x00000000c7000000, 0x00000000eab00000)
  object space 114688K, 14% used [0x00000000c0000000,0x00000000c0ffb518,0x00000000c7000000)
 Metaspace       used 38372K, capacity 39155K, committed 39424K, reserved 1089536K
  class space    used 5407K, capacity 5604K, committed 5632K, reserved 1048576K
GC Heap History (10 events):
Event: 3.945 GC heap before
{Heap before GC invocations=6 (full 1):
 PSYoungGen      total 47616K, used 40960K [0x00000000eab00000, 0x00000000f0800000, 0x0000000100000000)
  eden space 40960K, 100% used [0x00000000eab00000,0x00000000ed300000,0x00000000ed300000)
  from space 6656K, 0% used [0x00000000ed980000,0x00000000ed980000,0x00000000ee000000)
  to   space 6656K, 0% used [0x00000000ed300000,0x00000000ed300000,0x00000000ed980000)
 ParOldGen       total 70656K, used 7704K [0x00000000c0000000, 0x00000000c4500000, 0x00000000eab00000)
  object space 70656K, 10% used [0x00000000c0000000,0x00000000c07861c8,0x00000000c4500000)
 Metaspace       used 24075K, capacity 24350K, committed 24448K, reserved 1071104K
  class space    used 3333K, capacity 3444K, committed 3456K, reserved 1048576K
Event: 3.949 GC heap after
Heap after GC invocations=6 (full 1):
 PSYoungGen      total 47616K, used 4538K [0x00000000eab00000, 0x00000000efc00000, 0x0000000100000000)
  eden space 40960K, 0% used [0x00000000eab00000,0x00000000eab00000,0x00000000ed300000)
  from space 6656K, 68% used [0x00000000ed300000,0x00000000ed76ebe0,0x00000000ed980000)
  to   space 10752K, 0% used [0x00000000ef180000,0x00000000ef180000,0x00000000efc00000)
 ParOldGen       total 70656K, used 7704K [0x00000000c0000000, 0x00000000c4500000, 0x00000000eab00000)
  object space 70656K, 10% used [0x00000000c0000000,0x00000000c07861c8,0x00000000c4500000)
 Metaspace       used 24075K, capacity 24350K, committed 24448K, reserved 1071104K
  class space    used 3333K, capacity 3444K, committed 3456K, reserved 1048576K
}
Event: 4.418 GC heap before
{Heap before GC invocations=7 (full 1):
 PSYoungGen      total 47616K, used 45498K [0x00000000eab00000, 0x00000000efc00000, 0x0000000100000000)
  eden space 40960K, 100% used [0x00000000eab00000,0x00000000ed300000,0x00000000ed300000)
  from space 6656K, 68% used [0x00000000ed300000,0x00000000ed76ebe0,0x00000000ed980000)
  to   space 10752K, 0% used [0x00000000ef180000,0x00000000ef180000,0x00000000efc00000)
 ParOldGen       total 70656K, used 7704K [0x00000000c0000000, 0x00000000c4500000, 0x00000000eab00000)
  object space 70656K, 10% used [0x00000000c0000000,0x00000000c07861c8,0x00000000c4500000)
 Metaspace       used 26185K, capacity 26538K, committed 26624K, reserved 1073152K
  class space    used 3729K, capacity 3831K, committed 3840K, reserved 1048576K
Event: 4.425 GC heap after
Heap after GC invocations=7 (full 1):
 PSYoungGen      total 72192K, used 4740K [0x00000000eab00000, 0x00000000efc80000, 0x0000000100000000)
  eden space 61440K, 0% used [0x00000000eab00000,0x00000000eab00000,0x00000000ee700000)
  from space 10752K, 44% used [0x00000000ef180000,0x00000000ef6211c8,0x00000000efc00000)
  to   space 10752K, 0% used [0x00000000ee700000,0x00000000ee700000,0x00000000ef180000)
 ParOldGen       total 70656K, used 7704K [0x00000000c0000000, 0x00000000c4500000, 0x00000000eab00000)
  object space 70656K, 10% used [0x00000000c0000000,0x00000000c07861c8,0x00000000c4500000)
 Metaspace       used 26185K, capacity 26538K, committed 26624K, reserved 1073152K
  class space    used 3729K, capacity 3831K, committed 3840K, reserved 1048576K
}
Event: 5.752 GC heap before
{Heap before GC invocations=8 (full 1):
 PSYoungGen      total 72192K, used 66180K [0x00000000eab00000, 0x00000000efc80000, 0x0000000100000000)
  eden space 61440K, 100% used [0x00000000eab00000,0x00000000ee700000,0x00000000ee700000)
  from space 10752K, 44% used [0x00000000ef180000,0x00000000ef6211c8,0x00000000efc00000)
  to   space 10752K, 0% used [0x00000000ee700000,0x00000000ee700000,0x00000000ef180000)
 ParOldGen       total 70656K, used 7704K [0x00000000c0000000, 0x00000000c4500000, 0x00000000eab00000)
  object space 70656K, 10% used [0x00000000c0000000,0x00000000c07861c8,0x00000000c4500000)
 Metaspace       used 32549K, capacity 33182K, committed 33408K, reserved 1077248K
  class space    used 4551K, capacity 4706K, committed 4736K, reserved 1048576K
Event: 5.762 GC heap after
Heap after GC invocations=8 (full 1):
 PSYoungGen      total 72192K, used 10114K [0x00000000eab00000, 0x00000000f1b80000, 0x0000000100000000)
  eden space 61440K, 0% used [0x00000000eab00000,0x00000000eab00000,0x00000000ee700000)
  from space 10752K, 94% used [0x00000000ee700000,0x00000000ef0e0a78,0x00000000ef180000)
  to   space 12288K, 0% used [0x00000000f0f80000,0x00000000f0f80000,0x00000000f1b80000)
 ParOldGen       total 70656K, used 7712K [0x00000000c0000000, 0x00000000c4500000, 0x00000000eab00000)
  object space 70656K, 10% used [0x00000000c0000000,0x00000000c07881c8,0x00000000c4500000)
 Metaspace       used 32549K, capacity 33182K, committed 33408K, reserved 1077248K
  class space    used 4551K, capacity 4706K, committed 4736K, reserved 1048576K
}
Event: 6.241 GC heap before
{Heap before GC invocations=9 (full 1):
 PSYoungGen      total 72192K, used 54581K [0x00000000eab00000, 0x00000000f1b80000, 0x0000000100000000)
  eden space 61440K, 72% used [0x00000000eab00000,0x00000000ed66cc48,0x00000000ee700000)
  from space 10752K, 94% used [0x00000000ee700000,0x00000000ef0e0a78,0x00000000ef180000)
  to   space 12288K, 0% used [0x00000000f0f80000,0x00000000f0f80000,0x00000000f1b80000)
 ParOldGen       total 70656K, used 7712K [0x00000000c0000000, 0x00000000c4500000, 0x00000000eab00000)
  object space 70656K, 10% used [0x00000000c0000000,0x00000000c07881c8,0x00000000c4500000)
 Metaspace       used 34653K, capacity 35296K, committed 35456K, reserved 1079296K
  class space    used 4811K, capacity 4975K, committed 4992K, reserved 1048576K
Event: 6.260 GC heap after
Heap after GC invocations=9 (full 1):
 PSYoungGen      total 102400K, used 9721K [0x00000000eab00000, 0x00000000f2280000, 0x0000000100000000)
  eden space 90112K, 0% used [0x00000000eab00000,0x00000000eab00000,0x00000000f0300000)
  from space 12288K, 79% used [0x00000000f0f80000,0x00000000f18fe478,0x00000000f1b80000)
  to   space 12800K, 0% used [0x00000000f0300000,0x00000000f0300000,0x00000000f0f80000)
 ParOldGen       total 70656K, used 7720K [0x00000000c0000000, 0x00000000c4500000, 0x00000000eab00000)
  object space 70656K, 10% used [0x00000000c0000000,0x00000000c078a1c8,0x00000000c4500000)
 Metaspace       used 34653K, capacity 35296K, committed 35456K, reserved 1079296K
  class space    used 4811K, capacity 4975K, committed 4992K, reserved 1048576K
}
Event: 6.260 GC heap before
{Heap before GC invocations=10 (full 2):
 PSYoungGen      total 102400K, used 9721K [0x00000000eab00000, 0x00000000f2280000, 0x0000000100000000)
  eden space 90112K, 0% used [0x00000000eab00000,0x00000000eab00000,0x00000000f0300000)
  from space 12288K, 79% used [0x00000000f0f80000,0x00000000f18fe478,0x00000000f1b80000)
  to   space 12800K, 0% used [0x00000000f0300000,0x00000000f0300000,0x00000000f0f80000)
 ParOldGen       total 70656K, used 7720K [0x00000000c0000000, 0x00000000c4500000, 0x00000000eab00000)
  object space 70656K, 10% used [0x00000000c0000000,0x00000000c078a1c8,0x00000000c4500000)
 Metaspace       used 34653K, capacity 35296K, committed 35456K, reserved 1079296K
  class space    used 4811K, capacity 4975K, committed 4992K, reserved 1048576K
Event: 6.387 GC heap after
Heap after GC invocations=10 (full 2):
 PSYoungGen      total 102400K, used 0K [0x00000000eab00000, 0x00000000f2280000, 0x0000000100000000)
  eden space 90112K, 0% used [0x00000000eab00000,0x00000000eab00000,0x00000000f0300000)
  from space 12288K, 0% used [0x00000000f0f80000,0x00000000f0f80000,0x00000000f1b80000)
  to   space 12800K, 0% used [0x00000000f0300000,0x00000000f0300000,0x00000000f0f80000)
 ParOldGen       total 114688K, used 16365K [0x00000000c0000000, 0x00000000c7000000, 0x00000000eab00000)
  object space 114688K, 14% used [0x00000000c0000000,0x00000000c0ffb518,0x00000000c7000000)
 Metaspace       used 34653K, capacity 35296K, committed 35456K, reserved 1079296K
  class space    used 4811K, capacity 4975K, committed 4992K, reserved 1048576K
}

